<?xml version="1.0" encoding="UTF-8"?>
<!-- Generated by org.testng.reporters.JUnitReportReporter -->
<testsuite skipped="0" hostname="shushudelichendebijibendiannao.local" name="com.saas.qa.api.testcase.open.store.StoreStatusUpdateTest" tests="3" failures="0" timestamp="2025-03-04T13:41:52 CST" time="21.246" errors="0">
  <testcase name="testStoreStatusUpdate_Success" time="5.116" classname="com.saas.qa.api.testcase.open.store.StoreStatusUpdateTest"/>
  <system-out/>
  <testcase name="testStoreStatusUpdate_InvalidField" time="10.994" classname="com.saas.qa.api.testcase.open.store.StoreStatusUpdateTest"/>
  <system-out/>
  <testcase name="testStoreStatusUpdate_MissingRequired" time="5.136" classname="com.saas.qa.api.testcase.open.store.StoreStatusUpdateTest"/>
  <system-out/>
</testsuite> <!-- com.saas.qa.api.testcase.open.store.StoreStatusUpdateTest -->
